<?xml version="1.0" encoding="UTF-8"?>
<testsuite name="jdbcmysql.LibraryTest" tests="1" skipped="0" failures="0" errors="0" timestamp="2019-12-14T12:57:19" hostname="Abduls-MacBook-Air.local" time="0.003">
  <properties/>
  <testcase name="testSomeLibraryMethod" classname="jdbcmysql.LibraryTest" time="0.003"/>
  <system-out><![CDATA[]]></system-out>
  <system-err><![CDATA[]]></system-err>
</testsuite>
